<?xml version="1.0" encoding="UTF-8"?>
<!-- Generated by org.testng.reporters.JUnitReportReporter -->
<testsuite hostname="DESKTOP-PNFNGLN" failures="0" tests="1" name="com.travels.abhibus" time="53.195" errors="0" timestamp="2024-12-01T14:45:50 IST" skipped="0">
  <testcase classname="com.travels.abhibus" name="login" time="53.195"/>
</testsuite> <!-- com.travels.abhibus -->
