<?xml version="1.0" encoding="UTF-8"?>
<!-- Generated by org.testng.reporters.JUnitReportReporter -->
<testsuite hostname="DESKTOP-PNFNGLN" failures="0" tests="1" name="com.travels.makemytrip" time="31.867" errors="0" timestamp="2024-12-01T18:59:05 IST" skipped="0">
  <testcase classname="com.travels.makemytrip" name="login" time="31.867"/>
</testsuite> <!-- com.travels.makemytrip -->
